<?xml version="1.0" encoding="UTF-8"?>
<!-- Generated by org.testng.reporters.JUnitReportReporter -->
<testsuite hostname="DESKTOP-13RHPFK" failures="0" tests="1" name="org.exampleGID.AppTest" time="0.011" errors="0" timestamp="2023-03-28T21:12:42 IST" skipped="0">
  <testcase classname="org.exampleGID.AppTest" name="testApp" time="0.011"/>
  <system-out/>
</testsuite> <!-- org.exampleGID.AppTest -->
