<?xml version="1.0" encoding="UTF-8"?>
<!-- Generated by org.testng.reporters.JUnitReportReporter -->
<testsuite hostname="DESKTOP-13RHPFK" failures="0" tests="1" name="org.exampleGID.AppTest" time="0.004" errors="0" timestamp="2023-04-27T23:26:26 IST" skipped="0">
  <testcase classname="org.exampleGID.AppTest" name="testApp" time="0.004"/>
  <system-out/>
</testsuite> <!-- org.exampleGID.AppTest -->
