<?xml version="1.0" encoding="UTF-8"?>
<!-- Generated by org.testng.reporters.JUnitReportReporter -->
<testsuite hostname="DESKTOP-13RHPFK" failures="0" tests="1" name="org.exampleGID.AppTest" time="0.003" errors="0" timestamp="2023-04-27T15:13:52 IST" skipped="0">
  <testcase classname="org.exampleGID.AppTest" name="testApp" time="0.003"/>
  <system-out/>
</testsuite> <!-- org.exampleGID.AppTest -->
